{
  "Cucumber Features": {
    "coverage": {
      "/Users/lgkinter/Web_Portfolio/edx_agile/rottenpotatoes-cucumber/rottenpotatoes/app/models/movie.rb": [
        1,
        1,
        1,
        11,
        null,
        null,
        1,
        1,
        null,
        null
      ],
      "/Users/lgkinter/Web_Portfolio/edx_agile/rottenpotatoes-cucumber/rottenpotatoes/app/controllers/movies_controller.rb": [
        1,
        null,
        1,
        0,
        null,
        null,
        1,
        3,
        3,
        null,
        null,
        null,
        1,
        11,
        11,
        null,
        2,
        null,
        2,
        null,
        11,
        11,
        null,
        11,
        30,
        null,
        null,
        11,
        3,
        3,
        3,
        null,
        8,
        null,
        null,
        1,
        null,
        null,
        null,
        1,
        0,
        0,
        0,
        null,
        null,
        1,
        1,
        null,
        null,
        1,
        1,
        1,
        1,
        1,
        null,
        null,
        1,
        0,
        0,
        0,
        0,
        null,
        null,
        1,
        2,
        2,
        2,
        1,
        1,
        null,
        1,
        null,
        null,
        null,
        null
      ],
      "/Users/lgkinter/Web_Portfolio/edx_agile/rottenpotatoes-cucumber/rottenpotatoes/app/controllers/application_controller.rb": [
        1,
        1,
        null
      ],
      "/Users/lgkinter/Web_Portfolio/edx_agile/rottenpotatoes-cucumber/rottenpotatoes/app/helpers/application_helper.rb": [
        1,
        null
      ],
      "/Users/lgkinter/Web_Portfolio/edx_agile/rottenpotatoes-cucumber/rottenpotatoes/app/helpers/movies_helper.rb": [
        1,
        null,
        1,
        0,
        null,
        null
      ]
    },
    "timestamp": 1468527749
  },
  "RSpec": {
    "coverage": {
      "/Users/lgkinter/Web_Portfolio/edx_agile/rottenpotatoes-cucumber/rottenpotatoes/app/helpers/application_helper.rb": [
        1,
        null
      ],
      "/Users/lgkinter/Web_Portfolio/edx_agile/rottenpotatoes-cucumber/rottenpotatoes/app/helpers/movies_helper.rb": [
        1,
        null,
        1,
        0,
        null,
        null
      ],
      "/Users/lgkinter/Web_Portfolio/edx_agile/rottenpotatoes-cucumber/rottenpotatoes/app/controllers/movies_controller.rb": [
        1,
        null,
        1,
        0,
        null,
        null,
        1,
        0,
        0,
        null,
        null,
        null,
        1,
        0,
        0,
        null,
        0,
        null,
        0,
        null,
        0,
        0,
        null,
        0,
        0,
        null,
        null,
        0,
        0,
        0,
        0,
        null,
        0,
        null,
        null,
        1,
        null,
        null,
        null,
        1,
        1,
        1,
        1,
        null,
        null,
        1,
        0,
        null,
        null,
        1,
        1,
        1,
        1,
        1,
        null,
        null,
        1,
        1,
        1,
        1,
        1,
        null,
        null,
        1,
        2,
        2,
        2,
        1,
        1,
        null,
        1,
        null,
        null,
        null,
        null
      ],
      "/Users/lgkinter/Web_Portfolio/edx_agile/rottenpotatoes-cucumber/rottenpotatoes/app/controllers/application_controller.rb": [
        1,
        1,
        null
      ],
      "/Users/lgkinter/Web_Portfolio/edx_agile/rottenpotatoes-cucumber/rottenpotatoes/app/models/movie.rb": [
        1,
        1,
        1,
        0,
        null,
        null,
        1,
        1,
        null,
        null
      ]
    },
    "timestamp": 1468531630
  }
}
